my bucket: Bucket {
  _name: 'default',
  _username: undefined,
  _password: undefined,
  _cb: CouchbaseImpl {},
  connected: null,
  waitQueue: [],
  _events: 
   { connect: [ [Function], [Function] ],
     error: [ [Function], [Function] ] },
  _eventsCount: 2,
  httpAgent: 
   Agent {
     domain: null,
     _events: { free: [Function] },
     _eventsCount: 1,
     _maxListeners: undefined,
     defaultPort: 80,
     protocol: 'http:',
     options: { path: null },
     requests: {},
     sockets: {},
     freeSockets: {},
     keepAliveMsecs: 1000,
     keepAlive: false,
     maxSockets: 250,
     maxFreeSockets: 256 } }
